2020-01-07 11:24:39.114 ERROR ErrorHandler: Cannot set property 'active' of null 
2020-01-07 11:25:14.131 ERROR ErrorHandler: Cannot set property 'active' of null 
2020-01-07 11:30:52.793 ERROR ErrorHandler: User validation failed: username: Path `username` (`t`) is shorter than the minimum allowed length (3). 
2020-01-07 11:39:17.518 ERROR ErrorHandler: User validation failed: username: Path `username` (`t`) is shorter than the minimum allowed length (3). 
2020-01-07 11:49:56.628 ERROR ErrorHandler: User validation failed: username: Path `username` (`t`) is shorter than the minimum allowed length (3). 
2020-01-08 10:32:14.460 ERROR ErrorHandler: type is not defined 
2020-01-08 10:33:35.371 ERROR ErrorHandler: type is not defined 
2020-01-08 10:33:35.388 ERROR ErrorHandler: type is not defined 
2020-01-08 10:33:41.728 ERROR ErrorHandler: type is not defined 
2020-01-08 11:10:25.652 ERROR ErrorHandler: Cannot read property 'length' of undefined 
2020-01-08 11:11:42.974 ERROR ErrorHandler: Cannot read property 'length' of undefined 
2020-01-08 11:17:31.510 ERROR ErrorHandler: Cannot read property 'length' of undefined 
2020-01-08 11:18:53.916 ERROR ErrorHandler: files.map is not a function 
2020-01-08 11:19:47.850 ERROR ErrorHandler: Cannot read property 'map' of undefined 
2020-01-09 11:01:00.660 ERROR ErrorHandler: ENOENT: no such file or directory, unlink 'files/daniel/thailand.jpeg.enc' 
2020-01-10 19:53:37.101 ERROR ErrorHandler: modifiedUser.save is not a function 
2020-01-10 19:56:10.219 ERROR ErrorHandler: modifiedUser.save is not a function 
2020-01-10 19:56:44.412 ERROR ErrorHandler: modifiedUser.save is not a function 
2020-01-10 20:16:28.782 ERROR ErrorHandler: lastUsed is not defined 
2020-01-10 20:20:58.083 ERROR ErrorHandler: object_id is not defined 
2020-01-10 20:29:08.385 ERROR ErrorHandler: object_id is not defined 
