2019-12-22 17:06:55.598 INFO  LoginManager: Trying to logindaniel 
2019-12-22 17:06:55.891 INFO  LoginManager: Logged indaniel 
2019-12-22 17:07:55.199 INFO  LoginManager: Trying to login daniel 
2019-12-22 17:08:49.018 INFO  LoginManager: Trying to login daniel 
2019-12-22 17:09:24.583 INFO  LoginManager: Trying to login daniel 
2019-12-22 17:09:40.763 INFO  LoginManager: Trying to login daniel 
2019-12-22 17:10:27.572 INFO  LoginManager: Trying to login daniel 
2019-12-22 17:10:27.860 WARN  LoginManager: Failed to login daniel 
2019-12-22 17:45:38.232 INFO  LoginManager: Trying to login daniel 
2019-12-22 17:45:38.560 INFO  LoginManager: Logged in daniel 
2019-12-23 10:25:28.425 INFO  LoginManager: Trying to login daniel 
2019-12-23 10:25:28.748 INFO  LoginManager: Logged in daniel 
2020-01-06 10:12:43.451 INFO  LoginManager: Trying to login daniel 
2020-01-06 10:12:43.687 INFO  LoginManager: Logged in daniel 
2020-01-06 10:13:08.731 INFO  LoginManager: Trying to login test 
2020-01-06 10:13:08.971 WARN  LoginManager: Failed to login test 
2020-01-06 10:13:15.342 INFO  LoginManager: Trying to login chris 
2020-01-06 10:13:15.528 WARN  LoginManager: Failed to login chris 
2020-01-06 10:13:20.805 INFO  LoginManager: Trying to login daniel 
2020-01-06 10:13:21.054 INFO  LoginManager: Logged in daniel 
2020-01-06 10:13:57.806 INFO  LoginManager: Trying to login test99 
2020-01-06 10:13:58.040 WARN  LoginManager: Failed to login test99 
2020-01-06 10:16:23.582 INFO  LoginManager: Trying to login daniel 
2020-01-06 10:16:23.847 INFO  LoginManager: Logged in daniel 
2020-01-06 13:46:27.826 INFO  LoginManager: Trying to login daniel 
2020-01-06 13:46:28.122 INFO  LoginManager: Logged in daniel 
2020-01-06 13:53:01.893 INFO  LoginManager: Trying to login daniel 
2020-01-06 13:53:02.121 INFO  LoginManager: Logged in daniel 
2020-01-06 13:59:57.860 INFO  LoginManager: Trying to login daniel 
2020-01-06 13:59:58.178 INFO  LoginManager: Logged in daniel 
2020-01-06 14:00:56.765 INFO  LoginManager: Trying to login daniel 
2020-01-06 14:00:57.135 INFO  LoginManager: Logged in daniel 
2020-01-06 14:10:30.163 INFO  LoginManager: Trying to login daniel 
2020-01-06 14:10:30.417 INFO  LoginManager: Logged in daniel 
2020-01-06 15:02:41.377 INFO  LoginManager: Trying to login daniel 
2020-01-06 15:02:41.636 INFO  LoginManager: Logged in daniel 
2020-01-06 15:06:05.607 INFO  LoginManager: Trying to login daniel 
2020-01-06 15:06:05.833 INFO  LoginManager: Logged in daniel 
2020-01-06 15:06:18.077 INFO  LoginManager: Trying to login test 
2020-01-06 15:06:18.366 INFO  LoginManager: Logged in test 
2020-01-06 15:06:23.821 INFO  LoginManager: Trying to login daniel 
2020-01-06 15:06:24.151 INFO  LoginManager: Logged in daniel 
2020-01-06 15:22:58.752 INFO  LoginManager: Trying to login daniel 
2020-01-06 15:22:58.968 INFO  LoginManager: Logged in daniel 
2020-01-06 15:28:05.798 INFO  LoginManager: Trying to login test 
2020-01-06 15:28:06.149 INFO  LoginManager: Logged in test 
2020-01-06 15:28:10.642 INFO  LoginManager: Trying to login daniel 
2020-01-06 15:28:10.887 INFO  LoginManager: Logged in daniel 
2020-01-06 15:42:15.633 INFO  LoginManager: Trying to login test 
2020-01-06 15:42:15.930 WARN  LoginManager: Failed to login test 
2020-01-06 15:42:16.883 INFO  LoginManager: Trying to login test 
2020-01-06 15:42:17.140 WARN  LoginManager: Failed to login test 
2020-01-06 15:42:19.981 INFO  LoginManager: Trying to login test 
2020-01-06 15:42:20.312 INFO  LoginManager: Logged in test 
2020-01-06 17:44:56.160 INFO  LoginManager: Trying to login daniel 
2020-01-06 17:44:56.415 INFO  LoginManager: Logged in daniel 
2020-01-06 17:45:32.652 INFO  LoginManager: Trying to login daniel 
2020-01-06 17:45:32.956 INFO  LoginManager: Logged in daniel 
2020-01-06 18:37:58.647 INFO  LoginManager: Trying to login daniel 
2020-01-06 18:37:58.918 INFO  LoginManager: Logged in daniel 
2020-01-07 10:03:04.484 INFO  LoginManager: Trying to login d 
2020-01-07 10:03:04.639 WARN  LoginManager: Failed to login d 
2020-01-07 10:03:45.009 INFO  LoginManager: Trying to login d 
2020-01-07 10:03:45.190 WARN  LoginManager: Failed to login d 
2020-01-07 10:04:54.028 INFO  LoginManager: Trying to login d 
2020-01-07 10:04:54.144 WARN  LoginManager: Failed to login d 
2020-01-07 10:12:20.895 INFO  LoginManager: Trying to login d 
2020-01-07 10:12:21.088 WARN  LoginManager: Failed to login d 
2020-01-07 10:19:29.298 INFO  LoginManager: Trying to login d 
2020-01-07 10:19:29.411 WARN  LoginManager: Failed to login d 
2020-01-07 10:19:59.218 INFO  LoginManager: Trying to login d 
2020-01-07 10:19:59.561 WARN  LoginManager: Failed to login d 
2020-01-07 10:22:02.538 INFO  LoginManager: Trying to login d 
2020-01-07 10:22:02.668 WARN  LoginManager: Failed to login d 
2020-01-07 10:22:46.167 INFO  LoginManager: Trying to login d 
2020-01-07 10:22:46.309 WARN  LoginManager: Failed to login d 
2020-01-07 10:23:13.743 INFO  LoginManager: Trying to login d 
2020-01-07 10:23:13.895 WARN  LoginManager: Failed to login d 
2020-01-07 10:27:48.184 INFO  LoginManager: Trying to login d 
2020-01-07 10:27:48.310 WARN  LoginManager: Failed to login d 
2020-01-07 10:28:10.144 INFO  LoginManager: Trying to login d 
2020-01-07 10:28:10.347 WARN  LoginManager: Failed to login d 
2020-01-07 10:29:33.831 INFO  LoginManager: Trying to login d 
2020-01-07 10:29:34.011 WARN  LoginManager: Failed to login d 
2020-01-07 10:29:36.160 INFO  LoginManager: Trying to login d 
2020-01-07 10:29:36.367 WARN  LoginManager: Failed to login d 
2020-01-07 10:29:37.172 INFO  LoginManager: Trying to login d 
2020-01-07 10:29:37.294 WARN  LoginManager: Failed to login d 
2020-01-07 10:29:37.818 INFO  LoginManager: Trying to login d 
2020-01-07 10:29:38.001 WARN  LoginManager: Failed to login d 
2020-01-07 10:29:38.539 INFO  LoginManager: Trying to login d 
2020-01-07 10:29:38.657 WARN  LoginManager: Failed to login d 
2020-01-07 10:29:39.194 INFO  LoginManager: Trying to login d 
2020-01-07 10:29:39.332 WARN  LoginManager: Failed to login d 
2020-01-07 10:29:41.395 INFO  LoginManager: Trying to login d 
2020-01-07 10:29:41.516 WARN  LoginManager: Failed to login d 
2020-01-07 10:29:55.834 INFO  LoginManager: Trying to login d 
2020-01-07 10:29:55.955 WARN  LoginManager: Failed to login d 
2020-01-07 10:29:56.963 INFO  LoginManager: Trying to login d 
2020-01-07 10:29:57.151 WARN  LoginManager: Failed to login d 
2020-01-07 10:29:57.783 INFO  LoginManager: Trying to login d 
2020-01-07 10:29:57.969 WARN  LoginManager: Failed to login d 
2020-01-07 10:29:58.608 INFO  LoginManager: Trying to login d 
2020-01-07 10:29:58.726 WARN  LoginManager: Failed to login d 
2020-01-07 10:29:59.320 INFO  LoginManager: Trying to login d 
2020-01-07 10:29:59.507 WARN  LoginManager: Failed to login d 
2020-01-07 10:30:00.205 INFO  LoginManager: Trying to login d 
2020-01-07 10:30:00.441 WARN  LoginManager: Failed to login d 
2020-01-07 11:29:10.501 INFO  LoginManager: Trying to login test 
2020-01-07 11:29:10.789 WARN  LoginManager: Failed to login test 
2020-01-07 11:29:14.877 INFO  LoginManager: Trying to login daniel 
2020-01-07 11:29:16.210 INFO  LoginManager: Logged in daniel 
2020-01-07 11:29:45.423 INFO  LoginManager: Trying to login test 
2020-01-07 11:29:45.697 INFO  LoginManager: Logged in test 
2020-01-07 18:56:50.813 INFO  LoginManager: Trying to login daniel 
2020-01-07 18:56:51.177 INFO  LoginManager: Logged in daniel 
2020-01-08 19:00:42.703 INFO  LoginManager: Trying to login daniel 
2020-01-08 19:00:42.989 INFO  LoginManager: Logged in daniel 
2020-01-08 19:01:39.479 INFO  LoginManager: Trying to login daniel 
2020-01-08 19:01:39.691 WARN  LoginManager: Failed to login daniel 
2020-01-08 19:01:42.541 INFO  LoginManager: Trying to login daniel 
2020-01-08 19:01:42.757 INFO  LoginManager: Logged in daniel 
2020-01-09 10:28:56.441 INFO  LoginManager: Trying to login daniel 
2020-01-09 10:28:56.738 INFO  LoginManager: Logged in daniel 
