2019-12-22 17:19:46.251 INFO  RegistrationsManager: Registered {"active":false,"role":"user","_id":"5dff899043fcf455b1b769d9","username":"test","name":"test","password":"$2b$10$VbSL5ujjtPHEST0EwClZ1.jREX.R78PT/eVPKFpdb6b7rGK5/PsT2","email":"walder2@gmx.at","__v":0} 
2019-12-22 17:19:46.251 INFO  RegistrationsManager: Hash for activation created {"_id":"5dff899143fcf455b1b769da","userid":"5dff899043fcf455b1b769d9","hash":"b953440d442ddd956dc1102f58164584c4f76182","__v":0} 
2019-12-22 17:19:46.251 INFO  RegistrationsManager: Mail for activation sent 
2019-12-22 17:23:03.833 ERROR RegistrationsManager:registration is not defined 
2019-12-22 17:23:33.890 ERROR RegistrationsManager:User validation failed: username: Error, expected `username` to be unique. Value: `test1` 
2019-12-22 17:24:19.253 INFO  RegistrationsManager: Registered test2test2walder2@gmx.at 
2019-12-22 17:24:19.558 INFO  RegistrationsManager: Hash for activation created {"_id":"5dff8aa3c0895657da09762f","userid":"5dff8aa2c0895657da09762e","hash":"f5f37f6a6adcdd78dc1e8a1d38dd6ca2a6a56c8b","__v":0} 
2019-12-22 17:24:19.559 INFO  RegistrationsManager: Mail for activation sent 
2019-12-22 17:25:38.019 INFO  RegistrationsManager: Registered user: test333, name: test333, email: test333 
2019-12-22 17:25:38.415 INFO  RegistrationsManager: Hash for activation created {"_id":"5dff8af2c371c5589a7c7c2b","userid":"5dff8af0c371c5589a7c7c2a","hash":"25cf7f9c047e7160a8d70dc9c8d193cf606f6d41","__v":0} 
2019-12-22 17:25:38.415 INFO  RegistrationsManager: Mail for activation sent 
2019-12-22 17:27:55.673 INFO  RegistrationsManager: Registered id: 5dff8b7af22d395946a5a19e user: test99, email: test99 
2019-12-22 17:27:55.952 INFO  RegistrationsManager: Activation link created: hash: 337e7bf5ebe6b0431f4243457616174d9d8a327e, user: 5dff8b7af22d395946a5a19e 
2019-12-22 17:27:55.953 INFO  RegistrationsManager: Mail for activation sent 
2020-01-06 17:53:16.835 INFO  RegistrationsManager: Registered id: 5e1357ebb10fcf2030aa6b25 user: Testuser, email: walder2@gmx.at 
2020-01-06 17:53:17.104 INFO  RegistrationsManager: Activation link created hash: c7b1cbc46fe57a10c4547cc6fc0b0e90c010edeb, user: 5e1357ebb10fcf2030aa6b25 
2020-01-06 17:53:17.424 ERROR RegistrationsManager:Can't create new access token for user 
2020-01-06 18:04:41.093 ERROR RegistrationsManager:User validation failed: username: Error, expected `username` to be unique. Value: `Testuser` 
2020-01-06 18:04:53.367 INFO  RegistrationsManager: Registered id: 5e135aa5fb94e520d49a100c user: Testuser1, email: walder2@gmx.at 
2020-01-06 18:04:53.669 INFO  RegistrationsManager: Activation link created hash: 436618b99f492ff453d92480a4550486a4cc4aca, user: 5e135aa5fb94e520d49a100c 
2020-01-06 18:04:53.806 ERROR RegistrationsManager:Can't create new access token for user 
2020-01-06 18:19:49.682 INFO  RegistrationsManager: Registered id: 5e135e2462f6ed253fe651c9 user: Testuser12, email: walder2@gmx.at 
2020-01-06 18:19:50.089 INFO  RegistrationsManager: Activation link created hash: e466baff8eb78281df62425d7ac6f5331e962616, user: 5e135e2462f6ed253fe651c9 
2020-01-06 18:19:50.335 ERROR RegistrationsManager:unauthorized_client 
2020-01-06 18:24:48.308 INFO  RegistrationsManager: Registered id: 5e135f4f62f6ed253fe651cb user: Testuser123, email: walder2@gmx.at 
2020-01-06 18:24:48.588 INFO  RegistrationsManager: Activation link created hash: e898b7547084fab423175f191fcea416c7761834, user: 5e135f4f62f6ed253fe651cb 
2020-01-06 18:24:48.820 ERROR RegistrationsManager:deleted_client 
2020-01-06 18:30:08.411 INFO  RegistrationsManager: Registered id: 5e13608fe2065c283e89129c user: dfdf, email: walder2@gmx.at 
2020-01-06 18:30:08.651 INFO  RegistrationsManager: Activation link created hash: 96fa84a9b67e4214f85c3f35bc2e81c65e825c3f, user: 5e13608fe2065c283e89129c 
2020-01-06 18:30:08.886 ERROR RegistrationsManager:invalid_grant 
2020-01-06 18:34:37.087 INFO  RegistrationsManager: Registered id: 5e13619ce2065c283e89129e user: dddd, email: walder2@gmx.at 
2020-01-06 18:34:37.328 INFO  RegistrationsManager: Activation link created hash: 2f7d398c17d4ce81775c3a4f0f492d6f9386bef9, user: 5e13619ce2065c283e89129e 
2020-01-06 18:34:37.602 ERROR RegistrationsManager:invalid_grant 
2020-01-07 10:49:26.368 ERROR RegistrationsManager:User validation failed: username: Error, expected `username` to be unique. Value: `test` 
2020-01-07 10:51:18.910 ERROR RegistrationsManager:User validation failed: username: Error, expected `username` to be unique. Value: `test` 
2020-01-07 10:52:20.665 ERROR RegistrationsManager:User validation failed: username: Error, expected `username` to be unique. Value: `test` 
2020-01-07 10:53:31.623 ERROR RegistrationsManager:User validation failed: username: Error, expected `username` to be unique. Value: `test` 
2020-01-07 10:54:42.483 ERROR RegistrationsManager:User validation failed: username: Error, expected `username` to be unique. Value: `test` 
2020-01-07 11:09:20.339 INFO  RegistrationsManager: Registered id: 5e144ac09bc50c6ab5fedf9c user: michael, email: walder2@gmx.at 
2020-01-07 11:09:20.576 INFO  RegistrationsManager: Activation link created hash: b07b45a15ed79ca2ffe715ae43906a558d85d230, user: 5e144ac09bc50c6ab5fedf9c 
2020-01-07 11:11:57.805 ERROR RegistrationsManager: Verification failed for undefined 
2020-01-07 11:13:45.480 INFO  RegistrationsManager: Registered id: 5e144bc99bc50c6ab5fedf9e user: michael, email: walder2@gmx.at 
2020-01-07 11:13:45.789 INFO  RegistrationsManager: Activation link created hash: 8f05d27a56de58e99f5900a253ec59ca06b4f0ad, user: 5e144bc99bc50c6ab5fedf9e 
2020-01-07 11:14:20.607 ERROR RegistrationsManager: Cannot set property 'active' of null 
2020-01-07 11:17:04.344 ERROR RegistrationsManager: Cannot set property 'active' of null 
2020-01-07 11:17:22.779 ERROR RegistrationsManager: Cannot set property 'active' of null 
2020-01-07 11:17:54.447 ERROR RegistrationsManager: Cannot set property 'active' of null 
2020-01-07 11:19:53.717 ERROR RegistrationsManager: Cannot set property 'active' of null 
2020-01-07 11:23:59.484 ERROR RegistrationsManager: Cannot set property 'active' of null 
2020-01-07 11:30:52.791 ERROR RegistrationsManager:User validation failed: username: Path `username` (`t`) is shorter than the minimum allowed length (3). 
2020-01-13 10:04:09.806 INFO  RegistrationsManager: Registered id: 5e1c247957eaa04afe2b4ef2 user: testusername, email: walder2@gmx.at 
2020-01-13 10:04:10.112 INFO  RegistrationsManager: Activation link created hash: 20ab78a6b3953154de2dbeae1244c1a99c0328f9, user: 5e1c247957eaa04afe2b4ef2 
2020-01-13 10:15:01.894 INFO  RegistrationsManager: Registered id: 5e1c270501ef3252a3a6907c user: test, email: testmail 
2020-01-13 10:15:02.201 INFO  RegistrationsManager: Activation link created hash: 6cc9fce1fa70e97190b382f6cbf306615d09655d, user: 5e1c270501ef3252a3a6907c 
2020-01-13 10:16:48.187 INFO  RegistrationsManager: Registered id: 5e1c276fc7ae2f5480b1a7b3 user: daniel, email: testmail 
2020-01-13 10:16:48.494 INFO  RegistrationsManager: Activation link created hash: 727322db55f1d3eddf9c969b8599cd8b7df8a314, user: 5e1c276fc7ae2f5480b1a7b3 
2020-01-13 10:19:37.866 INFO  RegistrationsManager: Registered id: 5e1c281978d0b35755911c49 user: daniel, email: 1 
2020-01-13 10:19:38.173 INFO  RegistrationsManager: Activation link created hash: cd0c197dcd9c6da594e9c3af5d753ad834eb43d2, user: 5e1c281978d0b35755911c49 
2020-01-13 10:20:32.140 INFO  RegistrationsManager: Registered id: 5e1c284f8d41d557f2f05c99 user: daniel, email: 1 
2020-01-13 10:20:32.376 INFO  RegistrationsManager: Activation link created hash: 933cf9f1b2dc3e5d3b1b58d6c2722cdbc8e5c666, user: 5e1c284f8d41d557f2f05c99 
2020-01-13 12:16:54.765 INFO  RegistrationsManager: Registered id: 5e1c43969c8ceb1235a69eeb user: daniel, email: testmail 
2020-01-13 12:16:55.041 INFO  RegistrationsManager: Activation link created hash: 6a0d12fe30f6af0069806231b076e4397815b57e, user: 5e1c43969c8ceb1235a69eeb 
2020-01-13 12:33:30.740 INFO  RegistrationsManager: Registered id: 5e1c477a7f34e51bb0f9daa8 user: daniel, email: testmail 
2020-01-13 12:33:31.030 INFO  RegistrationsManager: Activation link created hash: 9c17be75504f2c44736b86b47bad596bdc26770f, user: 5e1c477a7f34e51bb0f9daa8 
