2019-12-22 17:05:46.222 INFO  Method:POST 
2019-12-22 17:05:46.222 INFO  Path:/api/login 
2019-12-22 17:05:46.222 INFO  Body:{"username":"daniel","password":"daniel"} 
2019-12-22 17:05:46.222 INFO  ----- 
2019-12-22 17:06:55.594 INFO  Method:POST 
2019-12-22 17:06:55.594 INFO  Path:/api/login 
2019-12-22 17:06:55.594 INFO  Body:{"username":"daniel","password":"daniel"} 
2019-12-22 17:06:55.594 INFO  ----- 
2019-12-22 17:06:55.930 INFO  Method:GET 
2019-12-22 17:06:55.930 INFO  Path:/api/files 
2019-12-22 17:06:55.930 INFO  Body:{} 
2019-12-22 17:06:55.930 INFO  ----- 
2019-12-22 17:06:55.935 INFO  Method:GET 
2019-12-22 17:06:55.936 INFO  Path:/api/users 
2019-12-22 17:06:55.936 INFO  Body:{} 
2019-12-22 17:06:55.936 INFO  ----- 
2019-12-22 17:07:55.193 INFO  Method:POST 
2019-12-22 17:07:55.193 INFO  Path:/api/login 
2019-12-22 17:07:55.193 INFO  Body:{"username":"daniel","password":""} 
2019-12-22 17:07:55.193 INFO  ----- 
2019-12-22 17:08:49.010 INFO  Method:POST 
2019-12-22 17:08:49.011 INFO  Path:/api/login 
2019-12-22 17:08:49.011 INFO  Body:{"username":"daniel","password":""} 
2019-12-22 17:08:49.011 INFO  ----- 
2019-12-22 17:09:24.578 INFO  Method:POST 
2019-12-22 17:09:24.578 INFO  Path:/api/login 
2019-12-22 17:09:24.578 INFO  Body:{"username":"daniel","password":""} 
2019-12-22 17:09:24.578 INFO  ----- 
2019-12-22 17:09:40.756 INFO  Method:POST 
2019-12-22 17:09:40.757 INFO  Path:/api/login 
2019-12-22 17:09:40.757 INFO  Body:{"username":"daniel","password":""} 
2019-12-22 17:09:40.757 INFO  ----- 
2019-12-22 17:10:27.566 INFO  Method:POST 
2019-12-22 17:10:27.566 INFO  Path:/api/login 
2019-12-22 17:10:27.566 INFO  Body:{"username":"daniel","password":""} 
2019-12-22 17:10:27.566 INFO  ----- 
2019-12-22 17:19:44.297 INFO  Method:POST 
2019-12-22 17:19:44.297 INFO  Path:/api/registration 
2019-12-22 17:19:44.297 INFO  Body:{"username":"test","password":"test","name":"test","email":"walder2@gmx.at"} 
2019-12-22 17:19:44.297 INFO  ----- 
2019-12-22 17:23:02.165 INFO  Method:POST 
2019-12-22 17:23:02.165 INFO  Path:/api/registration 
2019-12-22 17:23:02.165 INFO  Body:{"username":"test1","password":"test1","name":"test1","email":"walder2@gmx.at"} 
2019-12-22 17:23:02.165 INFO  ----- 
2019-12-22 17:23:32.497 INFO  Method:POST 
2019-12-22 17:23:32.497 INFO  Path:/api/registration 
2019-12-22 17:23:32.497 INFO  Body:{"username":"test1","password":"test1","name":"test1","email":"walder2@gmx.at"} 
2019-12-22 17:23:32.497 INFO  ----- 
2019-12-22 17:24:18.700 INFO  Method:POST 
2019-12-22 17:24:18.700 INFO  Path:/api/registration 
2019-12-22 17:24:18.701 INFO  Body:{"username":"test2","password":"test2","name":"test2","email":"walder2@gmx.at"} 
2019-12-22 17:24:18.701 INFO  ----- 
2019-12-22 17:25:36.452 INFO  Method:POST 
2019-12-22 17:25:36.452 INFO  Path:/api/registration 
2019-12-22 17:25:36.452 INFO  Body:{"username":"test333","password":"test333","name":"test333","email":"test333"} 
2019-12-22 17:25:36.452 INFO  ----- 
2019-12-22 17:27:54.073 INFO  Method:POST 
2019-12-22 17:27:54.073 INFO  Path:/api/registration 
2019-12-22 17:27:54.073 INFO  Body:{"username":"test99","password":"test99","name":"test99","email":"test99"} 
2019-12-22 17:27:54.073 INFO  ----- 
