2020-01-07 13:48:17.790 INFO  UploadManager: /home/walder/workspaces/fullstack_project/backend/files/test/IMG_20191107_165841.jpg_2-0-2020.jpeg 
2020-01-07 19:38:54.729 INFO  UploadManager: /home/walder/workspaces/fullstack_project/backend/files/daniel/IMG_20191107_171432_187.jpg_2-0-2020.jpeg 
2020-01-07 19:39:52.386 INFO  UploadManager: /home/walder/workspaces/fullstack_project/backend/files/daniel/IMG_20191111_101742.jpg_2-0-2020.jpeg 
2020-01-07 19:47:36.300 INFO  UploadManager: /home/walder/workspaces/fullstack_project/backend/files/daniel/IMG_20191107_165829.jpg_2-0-2020.jpeg 
2020-01-07 19:49:23.062 INFO  UploadManager: /home/walder/workspaces/fullstack_project/backend/files/daniel/IMG_20191111_101742.jpg_2-0-2020.jpeg 
2020-01-07 19:50:03.873 INFO  UploadManager: /home/walder/workspaces/fullstack_project/backend/files/daniel/IMG_20191107_165829.jpg_2-0-2020(1).jpeg 
2020-01-07 19:56:05.058 INFO  UploadManager: /home/walder/workspaces/fullstack_project/backend/files/daniel/IMG_20191107_165841_2-0-2020.jpeg 
2020-01-07 19:57:44.024 INFO  UploadManager: /home/walder/workspaces/fullstack_project/backend/files/daniel/IMG_20191107_165829_2-0-2020.jpeg 
2020-01-07 19:58:35.951 INFO  UploadManager: /home/walder/workspaces/fullstack_project/backend/files/daniel/IMG_20191107_165841_2-1-2020.jpeg 
2020-01-08 10:34:44.657 INFO  UploadManager: /home/walder/workspaces/fullstack_project/backend/files/daniel/IMG_20191107_165841_3-1-2020.jpeg 
2020-01-08 10:36:27.077 INFO  UploadManager: /home/walder/workspaces/fullstack_project/backend/files/daniel/IMG_20191107_165829_3-1-2020.jpeg 
2020-01-08 10:37:32.295 INFO  UploadManager: /home/walder/workspaces/fullstack_project/backend/files/daniel/IMG_20191107_171432_187_3-1-2020(1).jpeg 
2020-01-08 10:54:08.555 INFO  UploadManager: /home/walder/workspaces/fullstack_project/backend/files/daniel/IMG_20191107_171432_187_3-1-2020(1)(1).jpeg 
2020-01-08 10:55:20.144 INFO  UploadManager: /home/walder/workspaces/fullstack_project/backend/files/daniel/IMG_20191107_165841_3-1-2020(1).jpeg 
2020-01-08 10:58:53.947 INFO  UploadManager: /home/walder/workspaces/fullstack_project/backend/files/daniel/IMG_20191107_171432_187_3-1-2020(1)(1)(1).jpeg 
2020-01-08 11:14:00.448 INFO  UploadManager: /home/walder/workspaces/fullstack_project/backend/files/daniel/IMG_20191107_165829_3-1-2020(1).jpeg 
2020-01-08 11:15:11.770 INFO  UploadManager: /home/walder/workspaces/fullstack_project/backend/files/daniel/IMG_20191107_171432_187_3-1-2020(1)(1)(1)(1).jpeg 
2020-01-08 11:15:48.572 INFO  UploadManager: /home/walder/workspaces/fullstack_project/backend/files/daniel/IMG_20191028_210517.JPG_3-1-2020(1).jpeg 
2020-01-08 11:16:41.410 INFO  UploadManager: /home/walder/workspaces/fullstack_project/backend/files/daniel/IMG_20191107_165829_3-1-2020(1)(1).jpeg 
2020-01-08 11:23:53.889 INFO  UploadManager: /home/walder/workspaces/fullstack_project/backend/files/daniel/IMG_20191107_171432_187_3-1-2020(1)(1)(1)(1)(1).jpeg 
2020-01-08 11:24:28.860 INFO  UploadManager: /home/walder/workspaces/fullstack_project/backend/files/daniel/IMG_20191111_101742_3-1-2020.jpeg 
2020-01-08 11:25:15.426 INFO  UploadManager: /home/walder/workspaces/fullstack_project/backend/files/daniel/IMG_20191107_165841_3-1-2020(1)(1).jpeg 
2020-01-08 11:27:07.167 INFO  UploadManager: /home/walder/workspaces/fullstack_project/backend/files/daniel/IMG_20191107_165841_3-1-2020(1)(1)(1).jpeg 
2020-01-08 11:27:52.815 INFO  UploadManager: /home/walder/workspaces/fullstack_project/backend/files/daniel/IMG_20191107_165829_3-1-2020(1)(1)(1).jpeg 
2020-01-08 11:28:44.431 INFO  UploadManager: /home/walder/workspaces/fullstack_project/backend/files/daniel/IMG_20191107_171432_187_3-1-2020(1)(1)(1)(1)(1)(1).jpeg 
2020-01-08 11:29:24.791 INFO  UploadManager: /home/walder/workspaces/fullstack_project/backend/files/daniel/IMG_20191107_171432_187_3-1-2020(1)(1)(1)(1)(1)(1)(1).jpeg 
2020-01-08 11:31:09.447 INFO  UploadManager: /home/walder/workspaces/fullstack_project/backend/files/daniel/Documents_yxcv.jpeg_3-1-2020.jpeg 
2020-01-08 11:35:24.920 INFO  UploadManager: /home/walder/workspaces/fullstack_project/backend/files/daniel/Document_test.jpeg_3-1-2020(1).jpeg 
2020-01-08 11:36:51.979 INFO  UploadManager: /home/walder/workspaces/fullstack_project/backend/files/daniel/Document_asdf_3-1-2020.jpeg 
2020-01-08 11:39:37.138 INFO  UploadManager: /home/walder/workspaces/fullstack_project/backend/files/daniel/Document_yxcv_3-1-2020.jpeg 
2020-01-08 11:40:12.260 INFO  UploadManager: /home/walder/workspaces/fullstack_project/backend/files/daniel/Document_asdf_03-01-2020.jpeg 
2020-01-08 11:41:36.744 INFO  UploadManager: /home/walder/workspaces/fullstack_project/backend/files/daniel/Document_IMG_20191107_165829_03-01-2020.jpeg 
2020-01-08 12:49:52.031 INFO  UploadManager: /home/walder/workspaces/fullstack_project/backend/files/daniel/Documents_test_03-01-2020.jpeg 
2020-01-08 13:26:52.125 INFO  UploadManager: /home/walder/workspaces/fullstack_project/backend/files/daniel/asdf.jpeg 
2020-01-08 16:07:25.962 INFO  UploadManager: /home/walder/workspaces/fullstack_project/backend/files/daniel/asdfasdfasdf.jpeg 
2020-01-08 16:24:24.855 INFO  UploadManager: /home/walder/workspaces/fullstack_project/backend/files/daniel/dccccc.jpeg 
2020-01-08 16:25:56.785 INFO  UploadManager: /home/walder/workspaces/fullstack_project/backend/files/daniel/ll.jpeg 
2020-01-08 16:28:45.090 INFO  UploadManager: /home/walder/workspaces/fullstack_project/backend/files/daniel/IMG.jpeg 
2020-01-08 16:33:36.758 INFO  UploadManager: /home/walder/workspaces/fullstack_project/backend/files/daniel/ddddd.jpeg 
2020-01-08 16:34:27.600 INFO  UploadManager: /home/walder/workspaces/fullstack_project/backend/files/daniel/ddddddddddd.jpeg 
2020-01-08 16:37:56.161 INFO  UploadManager: /home/walder/workspaces/fullstack_project/backend/files/daniel/IMG(1).jpeg 
2020-01-08 16:43:25.874 INFO  UploadManager: /home/walder/workspaces/fullstack_project/backend/files/daniel/IMG.jpeg 
2020-01-08 16:43:51.274 INFO  UploadManager: /home/walder/workspaces/fullstack_project/backend/files/daniel/IMG(1).jpeg 
2020-01-08 16:44:50.249 INFO  UploadManager: /home/walder/workspaces/fullstack_project/backend/files/daniel/IMG(1)(1).jpeg 
2020-01-08 16:46:08.086 INFO  UploadManager: /home/walder/workspaces/fullstack_project/backend/files/daniel/lebenslauf.jpeg 
2020-01-08 17:25:14.290 INFO  UploadManager: /home/walder/workspaces/fullstack_project/backend/files/daniel/ffff.jpeg 
2020-01-08 17:25:35.699 INFO  UploadManager: /home/walder/workspaces/fullstack_project/backend/files/daniel/asdfasddfasdf.jpeg 
